<?xml version="1.0" encoding="UTF-8" standalone="no"?>
<!DOCTYPE log SYSTEM "logger.dtd">
<log>
<record>
  <date>2024-06-28T04:21:58.120012500Z</date>
  <millis>1719548518120</millis>
  <nanos>12500</nanos>
  <sequence>0</sequence>
  <level>START</level>
  <class>com.kms.katalon.core.logging.XmlKeywordLogger</class>
  <method>startSuite</method>
  <thread>1</thread>
  <message>Start Test Suite : Test Suites/Industry Risk Rating</message>
  <nestedLevel>0</nestedLevel>
  <escapedJava>false</escapedJava>
  <property name="rerunTestFailImmediately">true</property>
  <property name="retryCount">3</property>
  <property name="name">Industry Risk Rating</property>
  <property name="description"></property>
  <property name="id">Test Suites/Industry Risk Rating</property>
</record>
<record>
  <date>2024-06-28T04:21:58.136013700Z</date>
  <millis>1719548518136</millis>
  <nanos>13700</nanos>
  <sequence>1</sequence>
  <level>RUN_DATA</level>
  <class>com.kms.katalon.core.logging.XmlKeywordLogger</class>
  <method>logMessage</method>
  <thread>1</thread>
  <message>hostName = Zulaikha_118633 - 118633-001L-MY.adl.local</message>
  <nestedLevel>0</nestedLevel>
  <escapedJava>false</escapedJava>
  <property name="hostName">Zulaikha_118633 - 118633-001L-MY.adl.local</property>
</record>
<record>
  <date>2024-06-28T04:21:58.136013700Z</date>
  <millis>1719548518136</millis>
  <nanos>13700</nanos>
  <sequence>2</sequence>
  <level>RUN_DATA</level>
  <class>com.kms.katalon.core.logging.XmlKeywordLogger</class>
  <method>logMessage</method>
  <thread>1</thread>
  <message>os = Windows 10 64bit</message>
  <nestedLevel>0</nestedLevel>
  <escapedJava>false</escapedJava>
  <property name="os">Windows 10 64bit</property>
</record>
<record>
  <date>2024-06-28T04:21:58.137014Z</date>
  <millis>1719548518137</millis>
  <nanos>14000</nanos>
  <sequence>3</sequence>
  <level>RUN_DATA</level>
  <class>com.kms.katalon.core.logging.XmlKeywordLogger</class>
  <method>logMessage</method>
  <thread>1</thread>
  <message>hostAddress = 192.168.0.104</message>
  <nestedLevel>0</nestedLevel>
  <escapedJava>false</escapedJava>
  <property name="hostAddress">192.168.0.104</property>
</record>
<record>
  <date>2024-06-28T04:21:58.137014Z</date>
  <millis>1719548518137</millis>
  <nanos>14000</nanos>
  <sequence>4</sequence>
  <level>RUN_DATA</level>
  <class>com.kms.katalon.core.logging.XmlKeywordLogger</class>
  <method>logMessage</method>
  <thread>1</thread>
  <message>katalonVersion = 9.6.0.217</message>
  <nestedLevel>0</nestedLevel>
  <escapedJava>false</escapedJava>
  <property name="katalonVersion">9.6.0.217</property>
</record>
<record>
  <date>2024-06-28T04:21:58.319126800Z</date>
  <millis>1719548518319</millis>
  <nanos>126800</nanos>
  <sequence>5</sequence>
  <level>START</level>
  <class>com.kms.katalon.core.logging.XmlKeywordLogger</class>
  <method>startTest</method>
  <thread>1</thread>
  <message>Start Test Case : Test Cases/FBSD-211-Valid Request with All Optional Data</message>
  <nestedLevel>1</nestedLevel>
  <escapedJava>false</escapedJava>
  <property name="remainingRetryCount">3</property>
  <property name="name">Test Cases/FBSD-211-Valid Request with All Optional Data</property>
  <property name="description">Verify that the response status is 200.
Check that the response body contains the expected risk score, vectors, and other optional data if applicable.</property>
  <property name="iteration"></property>
  <property name="id">Test Cases/FBSD-211-Valid Request with All Optional Data</property>
  <property name="source">C:\Users\zulaikha_118633\git\SMEL_FRAML\Test Cases\FBSD-211-Valid Request with All Optional Data.tc</property>
  <property name="tag"></property>
  <property name="isOptional">false</property>
  <property name="currentRetryCount">0</property>
</record>
<record>
  <date>2024-06-28T04:21:58.651996100Z</date>
  <millis>1719548518651</millis>
  <nanos>996100</nanos>
  <sequence>7</sequence>
  <level>START</level>
  <class>com.kms.katalon.core.logging.XmlKeywordLogger</class>
  <method>startKeyword</method>
  <thread>1</thread>
  <message>Start action : response = sendRequest(findTestObject(&amp;quot;Industry Risk Rating/Industry Prohibited Check&amp;quot;))</message>
  <nestedLevel>1</nestedLevel>
  <escapedJava>false</escapedJava>
  <property name="startLine">23</property>
  <property name="stepIndex">1</property>
  <property name="description">Send API request</property>
</record>
<record>
  <date>2024-06-28T04:22:01.268550300Z</date>
  <millis>1719548521268</millis>
  <nanos>550300</nanos>
  <sequence>10</sequence>
  <level>INFO</level>
  <class>com.kms.katalon.core.logging.XmlKeywordLogger</class>
  <method>logMessage</method>
  <thread>1</thread>
  <message>HAR: C:\Users\zulaikha_118633\git\SMEL_FRAML\Reports\20240628_122154\Industry Risk Rating\20240628_122154\requests\main\0.har</message>
  <nestedLevel>1</nestedLevel>
  <escapedJava>false</escapedJava>
  <property name="harId">714d0cf5-8af7-4954-8dc3-38d537dd85f3</property>
</record>
<record>
  <date>2024-06-28T04:22:01.351549700Z</date>
  <millis>1719548521351</millis>
  <nanos>549700</nanos>
  <sequence>11</sequence>
  <level>PASSED</level>
  <class>com.kms.katalon.core.logging.XmlKeywordLogger</class>
  <method>logMessage</method>
  <thread>1</thread>
  <message>Send request successfully</message>
  <nestedLevel>1</nestedLevel>
  <escapedJava>false</escapedJava>
  <property name="testops-method-name">com.kms.katalon.core.webservice.keyword.builtin.SendRequestKeyword.sendRequest</property>
  <property name="testops-execution-stacktrace"></property>
</record>
<record>
  <date>2024-06-28T04:22:01.353550800Z</date>
  <millis>1719548521353</millis>
  <nanos>550800</nanos>
  <sequence>12</sequence>
  <level>END</level>
  <class>com.kms.katalon.core.logging.XmlKeywordLogger</class>
  <method>endKeyword</method>
  <thread>1</thread>
  <message>End action : response = sendRequest(findTestObject(&amp;quot;Industry Risk Rating/Industry Prohibited Check&amp;quot;))</message>
  <nestedLevel>1</nestedLevel>
  <escapedJava>false</escapedJava>
</record>
<record>
  <date>2024-06-28T04:22:01.354552Z</date>
  <millis>1719548521354</millis>
  <nanos>552000</nanos>
  <sequence>13</sequence>
  <level>START</level>
  <class>com.kms.katalon.core.logging.XmlKeywordLogger</class>
  <method>startKeyword</method>
  <thread>1</thread>
  <message>Start action : verifyResponseStatusCode(response, 200)</message>
  <nestedLevel>1</nestedLevel>
  <escapedJava>false</escapedJava>
  <property name="startLine">26</property>
  <property name="stepIndex">2</property>
  <property name="description">Verify Status Reponse Code= 200</property>
</record>
<record>
  <date>2024-06-28T04:22:01.378550Z</date>
  <millis>1719548521378</millis>
  <nanos>550000</nanos>
  <sequence>15</sequence>
  <level>PASSED</level>
  <class>com.kms.katalon.core.logging.XmlKeywordLogger</class>
  <method>logMessage</method>
  <thread>1</thread>
  <message>Verify response status code successfully</message>
  <nestedLevel>1</nestedLevel>
  <escapedJava>false</escapedJava>
  <property name="testops-is-assertion">true</property>
  <property name="testops-method-name">com.kms.katalon.core.webservice.keyword.builtin.VerifyResponseStatusCodeKeyword.verifyResponseStatusCode</property>
  <property name="testops-execution-stacktrace"></property>
</record>
<record>
  <date>2024-06-28T04:22:01.380551400Z</date>
  <millis>1719548521380</millis>
  <nanos>551400</nanos>
  <sequence>16</sequence>
  <level>END</level>
  <class>com.kms.katalon.core.logging.XmlKeywordLogger</class>
  <method>endKeyword</method>
  <thread>1</thread>
  <message>End action : verifyResponseStatusCode(response, 200)</message>
  <nestedLevel>1</nestedLevel>
  <escapedJava>false</escapedJava>
</record>
<record>
  <date>2024-06-28T04:22:01.381555600Z</date>
  <millis>1719548521381</millis>
  <nanos>555600</nanos>
  <sequence>17</sequence>
  <level>START</level>
  <class>com.kms.katalon.core.logging.XmlKeywordLogger</class>
  <method>startKeyword</method>
  <thread>1</thread>
  <message>Start action : e_id = getElementPropertyValue(response, &amp;quot;event_id&amp;quot;)</message>
  <nestedLevel>1</nestedLevel>
  <escapedJava>false</escapedJava>
  <property name="startLine">29</property>
  <property name="stepIndex">3</property>
  <property name="description">Verify JSON element (event id)</property>
</record>
<record>
  <date>2024-06-28T04:22:01.482550600Z</date>
  <millis>1719548521482</millis>
  <nanos>550600</nanos>
  <sequence>19</sequence>
  <level>END</level>
  <class>com.kms.katalon.core.logging.XmlKeywordLogger</class>
  <method>endKeyword</method>
  <thread>1</thread>
  <message>End action : e_id = getElementPropertyValue(response, &amp;quot;event_id&amp;quot;)</message>
  <nestedLevel>1</nestedLevel>
  <escapedJava>false</escapedJava>
</record>
<record>
  <date>2024-06-28T04:22:01.482550600Z</date>
  <millis>1719548521482</millis>
  <nanos>550600</nanos>
  <sequence>20</sequence>
  <level>START</level>
  <class>com.kms.katalon.core.logging.XmlKeywordLogger</class>
  <method>startKeyword</method>
  <thread>1</thread>
  <message>Start action : println(e_id)</message>
  <nestedLevel>1</nestedLevel>
  <escapedJava>false</escapedJava>
  <property name="startLine">30</property>
  <property name="stepIndex">4</property>
</record>
<record>
  <date>2024-06-28T04:22:01.489551100Z</date>
  <millis>1719548521489</millis>
  <nanos>551100</nanos>
  <sequence>21</sequence>
  <level>END</level>
  <class>com.kms.katalon.core.logging.XmlKeywordLogger</class>
  <method>endKeyword</method>
  <thread>1</thread>
  <message>End action : println(e_id)</message>
  <nestedLevel>1</nestedLevel>
  <escapedJava>false</escapedJava>
</record>
<record>
  <date>2024-06-28T04:22:01.489551100Z</date>
  <millis>1719548521489</millis>
  <nanos>551100</nanos>
  <sequence>22</sequence>
  <level>START</level>
  <class>com.kms.katalon.core.logging.XmlKeywordLogger</class>
  <method>startKeyword</method>
  <thread>1</thread>
  <message>Start action : e_stat = getElementPropertyValue(response, &amp;quot;evaluation_status&amp;quot;)</message>
  <nestedLevel>1</nestedLevel>
  <escapedJava>false</escapedJava>
  <property name="startLine">33</property>
  <property name="stepIndex">5</property>
  <property name="description">Verify JSON element evaluation status</property>
</record>
<record>
  <date>2024-06-28T04:22:01.535551500Z</date>
  <millis>1719548521535</millis>
  <nanos>551500</nanos>
  <sequence>24</sequence>
  <level>END</level>
  <class>com.kms.katalon.core.logging.XmlKeywordLogger</class>
  <method>endKeyword</method>
  <thread>1</thread>
  <message>End action : e_stat = getElementPropertyValue(response, &amp;quot;evaluation_status&amp;quot;)</message>
  <nestedLevel>1</nestedLevel>
  <escapedJava>false</escapedJava>
</record>
<record>
  <date>2024-06-28T04:22:01.535551500Z</date>
  <millis>1719548521535</millis>
  <nanos>551500</nanos>
  <sequence>25</sequence>
  <level>START</level>
  <class>com.kms.katalon.core.logging.XmlKeywordLogger</class>
  <method>startKeyword</method>
  <thread>1</thread>
  <message>Start action : println(e_stat)</message>
  <nestedLevel>1</nestedLevel>
  <escapedJava>false</escapedJava>
  <property name="startLine">34</property>
  <property name="stepIndex">6</property>
</record>
<record>
  <date>2024-06-28T04:22:01.536551900Z</date>
  <millis>1719548521536</millis>
  <nanos>551900</nanos>
  <sequence>26</sequence>
  <level>END</level>
  <class>com.kms.katalon.core.logging.XmlKeywordLogger</class>
  <method>endKeyword</method>
  <thread>1</thread>
  <message>End action : println(e_stat)</message>
  <nestedLevel>1</nestedLevel>
  <escapedJava>false</escapedJava>
</record>
<record>
  <date>2024-06-28T04:22:01.537552500Z</date>
  <millis>1719548521537</millis>
  <nanos>552500</nanos>
  <sequence>27</sequence>
  <level>PASSED</level>
  <class>com.kms.katalon.core.logging.XmlKeywordLogger</class>
  <method>logMessage</method>
  <thread>1</thread>
  <message>Test Cases/FBSD-211-Valid Request with All Optional Data</message>
  <nestedLevel>1</nestedLevel>
  <escapedJava>false</escapedJava>
</record>
<record>
  <date>2024-06-28T04:22:01.539555Z</date>
  <millis>1719548521539</millis>
  <nanos>555000</nanos>
  <sequence>28</sequence>
  <level>END</level>
  <class>com.kms.katalon.core.logging.XmlKeywordLogger</class>
  <method>endTest</method>
  <thread>1</thread>
  <message>End Test Case : Test Cases/FBSD-211-Valid Request with All Optional Data</message>
  <nestedLevel>0</nestedLevel>
  <escapedJava>false</escapedJava>
  <property name="executionBindingVariables">[]</property>
  <property name="applitools">false</property>
  <property name="remainingRetryCount">3</property>
  <property name="currentRetryCount">0</property>
  <property name="keywordsUsage">{
  &quot;web_ui&quot;: false,
  &quot;web_service&quot;: true,
  &quot;cucumber&quot;: false,
  &quot;builtin&quot;: false,
  &quot;mobile&quot;: false,
  &quot;windows&quot;: false,
  &quot;testng&quot;: false
}</property>
</record>
<record>
  <date>2024-06-28T04:22:01.546556700Z</date>
  <millis>1719548521546</millis>
  <nanos>556700</nanos>
  <sequence>29</sequence>
  <level>START</level>
  <class>com.kms.katalon.core.logging.XmlKeywordLogger</class>
  <method>startTest</method>
  <thread>1</thread>
  <message>Start Test Case : Test Cases/FBSD-211-Validate Mandatory Field</message>
  <nestedLevel>1</nestedLevel>
  <escapedJava>false</escapedJava>
  <property name="remainingRetryCount">3</property>
  <property name="name">Test Cases/FBSD-211-Validate Mandatory Field</property>
  <property name="description">Verify status code 400 -Bad Request when user leave mandatory field blank</property>
  <property name="iteration"></property>
  <property name="id">Test Cases/FBSD-211-Validate Mandatory Field</property>
  <property name="source">C:\Users\zulaikha_118633\git\SMEL_FRAML\Test Cases\FBSD-211-Validate Mandatory Field.tc</property>
  <property name="tag"></property>
  <property name="isOptional">false</property>
  <property name="currentRetryCount">0</property>
</record>
<record>
  <date>2024-06-28T04:22:01.675553200Z</date>
  <millis>1719548521675</millis>
  <nanos>553200</nanos>
  <sequence>31</sequence>
  <level>START</level>
  <class>com.kms.katalon.core.logging.XmlKeywordLogger</class>
  <method>startKeyword</method>
  <thread>1</thread>
  <message>Start action : response = sendRequest(findTestObject(&amp;quot;Industry Risk Rating/Industry Mandatory Field&amp;quot;))</message>
  <nestedLevel>1</nestedLevel>
  <escapedJava>false</escapedJava>
  <property name="startLine">22</property>
  <property name="stepIndex">1</property>
  <property name="description">Send API request</property>
</record>
<record>
  <date>2024-06-28T04:22:01.724550Z</date>
  <millis>1719548521724</millis>
  <nanos>550000</nanos>
  <sequence>34</sequence>
  <level>INFO</level>
  <class>com.kms.katalon.core.logging.XmlKeywordLogger</class>
  <method>logMessage</method>
  <thread>1</thread>
  <message>HAR: C:\Users\zulaikha_118633\git\SMEL_FRAML\Reports\20240628_122154\Industry Risk Rating\20240628_122154\requests\main\1.har</message>
  <nestedLevel>1</nestedLevel>
  <escapedJava>false</escapedJava>
  <property name="harId">74266977-6bb4-4a4d-b8f5-4eb83def44a8</property>
</record>
<record>
  <date>2024-06-28T04:22:01.727550700Z</date>
  <millis>1719548521727</millis>
  <nanos>550700</nanos>
  <sequence>35</sequence>
  <level>PASSED</level>
  <class>com.kms.katalon.core.logging.XmlKeywordLogger</class>
  <method>logMessage</method>
  <thread>1</thread>
  <message>Send request successfully</message>
  <nestedLevel>1</nestedLevel>
  <escapedJava>false</escapedJava>
  <property name="testops-method-name">com.kms.katalon.core.webservice.keyword.builtin.SendRequestKeyword.sendRequest</property>
  <property name="testops-execution-stacktrace"></property>
</record>
<record>
  <date>2024-06-28T04:22:01.729552300Z</date>
  <millis>1719548521729</millis>
  <nanos>552300</nanos>
  <sequence>36</sequence>
  <level>END</level>
  <class>com.kms.katalon.core.logging.XmlKeywordLogger</class>
  <method>endKeyword</method>
  <thread>1</thread>
  <message>End action : response = sendRequest(findTestObject(&amp;quot;Industry Risk Rating/Industry Mandatory Field&amp;quot;))</message>
  <nestedLevel>1</nestedLevel>
  <escapedJava>false</escapedJava>
</record>
<record>
  <date>2024-06-28T04:22:01.730556300Z</date>
  <millis>1719548521730</millis>
  <nanos>556300</nanos>
  <sequence>37</sequence>
  <level>START</level>
  <class>com.kms.katalon.core.logging.XmlKeywordLogger</class>
  <method>startKeyword</method>
  <thread>1</thread>
  <message>Start action : verifyResponseStatusCode(response, 400)</message>
  <nestedLevel>1</nestedLevel>
  <escapedJava>false</escapedJava>
  <property name="startLine">25</property>
  <property name="stepIndex">2</property>
  <property name="description">Verify Status Reponse Code= 400</property>
</record>
<record>
  <date>2024-06-28T04:22:01.733551400Z</date>
  <millis>1719548521733</millis>
  <nanos>551400</nanos>
  <sequence>39</sequence>
  <level>PASSED</level>
  <class>com.kms.katalon.core.logging.XmlKeywordLogger</class>
  <method>logMessage</method>
  <thread>1</thread>
  <message>Verify response status code successfully</message>
  <nestedLevel>1</nestedLevel>
  <escapedJava>false</escapedJava>
  <property name="testops-is-assertion">true</property>
  <property name="testops-method-name">com.kms.katalon.core.webservice.keyword.builtin.VerifyResponseStatusCodeKeyword.verifyResponseStatusCode</property>
  <property name="testops-execution-stacktrace"></property>
</record>
<record>
  <date>2024-06-28T04:22:01.734554900Z</date>
  <millis>1719548521734</millis>
  <nanos>554900</nanos>
  <sequence>40</sequence>
  <level>END</level>
  <class>com.kms.katalon.core.logging.XmlKeywordLogger</class>
  <method>endKeyword</method>
  <thread>1</thread>
  <message>End action : verifyResponseStatusCode(response, 400)</message>
  <nestedLevel>1</nestedLevel>
  <escapedJava>false</escapedJava>
</record>
<record>
  <date>2024-06-28T04:22:01.735552Z</date>
  <millis>1719548521735</millis>
  <nanos>552000</nanos>
  <sequence>41</sequence>
  <level>START</level>
  <class>com.kms.katalon.core.logging.XmlKeywordLogger</class>
  <method>startKeyword</method>
  <thread>1</thread>
  <message>Start action : code = getElementPropertyValue(response, &amp;quot;code&amp;quot;)</message>
  <nestedLevel>1</nestedLevel>
  <escapedJava>false</escapedJava>
  <property name="startLine">26</property>
  <property name="stepIndex">3</property>
</record>
<record>
  <date>2024-06-28T04:22:01.780550200Z</date>
  <millis>1719548521780</millis>
  <nanos>550200</nanos>
  <sequence>43</sequence>
  <level>END</level>
  <class>com.kms.katalon.core.logging.XmlKeywordLogger</class>
  <method>endKeyword</method>
  <thread>1</thread>
  <message>End action : code = getElementPropertyValue(response, &amp;quot;code&amp;quot;)</message>
  <nestedLevel>1</nestedLevel>
  <escapedJava>false</escapedJava>
</record>
<record>
  <date>2024-06-28T04:22:01.780550200Z</date>
  <millis>1719548521780</millis>
  <nanos>550200</nanos>
  <sequence>44</sequence>
  <level>START</level>
  <class>com.kms.katalon.core.logging.XmlKeywordLogger</class>
  <method>startKeyword</method>
  <thread>1</thread>
  <message>Start action : println(code)</message>
  <nestedLevel>1</nestedLevel>
  <escapedJava>false</escapedJava>
  <property name="startLine">27</property>
  <property name="stepIndex">4</property>
</record>
<record>
  <date>2024-06-28T04:22:01.782551600Z</date>
  <millis>1719548521782</millis>
  <nanos>551600</nanos>
  <sequence>45</sequence>
  <level>END</level>
  <class>com.kms.katalon.core.logging.XmlKeywordLogger</class>
  <method>endKeyword</method>
  <thread>1</thread>
  <message>End action : println(code)</message>
  <nestedLevel>1</nestedLevel>
  <escapedJava>false</escapedJava>
</record>
<record>
  <date>2024-06-28T04:22:01.782551600Z</date>
  <millis>1719548521782</millis>
  <nanos>551600</nanos>
  <sequence>46</sequence>
  <level>START</level>
  <class>com.kms.katalon.core.logging.XmlKeywordLogger</class>
  <method>startKeyword</method>
  <thread>1</thread>
  <message>Start action : e_message = getElementPropertyValue(response, &amp;quot;message&amp;quot;)</message>
  <nestedLevel>1</nestedLevel>
  <escapedJava>false</escapedJava>
  <property name="startLine">30</property>
  <property name="stepIndex">5</property>
  <property name="description">Verify error message</property>
</record>
<record>
  <date>2024-06-28T04:22:01.823568600Z</date>
  <millis>1719548521823</millis>
  <nanos>568600</nanos>
  <sequence>48</sequence>
  <level>END</level>
  <class>com.kms.katalon.core.logging.XmlKeywordLogger</class>
  <method>endKeyword</method>
  <thread>1</thread>
  <message>End action : e_message = getElementPropertyValue(response, &amp;quot;message&amp;quot;)</message>
  <nestedLevel>1</nestedLevel>
  <escapedJava>false</escapedJava>
</record>
<record>
  <date>2024-06-28T04:22:01.824550600Z</date>
  <millis>1719548521824</millis>
  <nanos>550600</nanos>
  <sequence>49</sequence>
  <level>START</level>
  <class>com.kms.katalon.core.logging.XmlKeywordLogger</class>
  <method>startKeyword</method>
  <thread>1</thread>
  <message>Start action : println(e_message)</message>
  <nestedLevel>1</nestedLevel>
  <escapedJava>false</escapedJava>
  <property name="startLine">31</property>
  <property name="stepIndex">6</property>
</record>
<record>
  <date>2024-06-28T04:22:01.824550600Z</date>
  <millis>1719548521824</millis>
  <nanos>550600</nanos>
  <sequence>50</sequence>
  <level>END</level>
  <class>com.kms.katalon.core.logging.XmlKeywordLogger</class>
  <method>endKeyword</method>
  <thread>1</thread>
  <message>End action : println(e_message)</message>
  <nestedLevel>1</nestedLevel>
  <escapedJava>false</escapedJava>
</record>
<record>
  <date>2024-06-28T04:22:01.825549Z</date>
  <millis>1719548521825</millis>
  <nanos>549000</nanos>
  <sequence>51</sequence>
  <level>PASSED</level>
  <class>com.kms.katalon.core.logging.XmlKeywordLogger</class>
  <method>logMessage</method>
  <thread>1</thread>
  <message>Test Cases/FBSD-211-Validate Mandatory Field</message>
  <nestedLevel>1</nestedLevel>
  <escapedJava>false</escapedJava>
</record>
<record>
  <date>2024-06-28T04:22:01.825549Z</date>
  <millis>1719548521825</millis>
  <nanos>549000</nanos>
  <sequence>52</sequence>
  <level>END</level>
  <class>com.kms.katalon.core.logging.XmlKeywordLogger</class>
  <method>endTest</method>
  <thread>1</thread>
  <message>End Test Case : Test Cases/FBSD-211-Validate Mandatory Field</message>
  <nestedLevel>0</nestedLevel>
  <escapedJava>false</escapedJava>
  <property name="executionBindingVariables">[]</property>
  <property name="applitools">false</property>
  <property name="remainingRetryCount">3</property>
  <property name="currentRetryCount">0</property>
  <property name="keywordsUsage">{
  &quot;web_ui&quot;: false,
  &quot;web_service&quot;: true,
  &quot;cucumber&quot;: false,
  &quot;builtin&quot;: false,
  &quot;mobile&quot;: false,
  &quot;windows&quot;: false,
  &quot;testng&quot;: false
}</property>
</record>
<record>
  <date>2024-06-28T04:22:01.828549200Z</date>
  <millis>1719548521828</millis>
  <nanos>549200</nanos>
  <sequence>53</sequence>
  <level>START</level>
  <class>com.kms.katalon.core.logging.XmlKeywordLogger</class>
  <method>startTest</method>
  <thread>1</thread>
  <message>Start Test Case : Test Cases/Validate Data Type</message>
  <nestedLevel>1</nestedLevel>
  <escapedJava>false</escapedJava>
  <property name="remainingRetryCount">3</property>
  <property name="name">Test Cases/Validate Data Type</property>
  <property name="description"></property>
  <property name="iteration"></property>
  <property name="id">Test Cases/Validate Data Type</property>
  <property name="source">C:\Users\zulaikha_118633\git\SMEL_FRAML\Test Cases\Validate Data Type.tc</property>
  <property name="tag"></property>
  <property name="isOptional">false</property>
  <property name="currentRetryCount">0</property>
</record>
<record>
  <date>2024-06-28T04:22:01.977551400Z</date>
  <millis>1719548521977</millis>
  <nanos>551400</nanos>
  <sequence>55</sequence>
  <level>START</level>
  <class>com.kms.katalon.core.logging.XmlKeywordLogger</class>
  <method>startKeyword</method>
  <thread>1</thread>
  <message>Start action : response = sendRequest(findTestObject(&amp;quot;Industry Risk Rating/Industry Prohibited Check&amp;quot;))</message>
  <nestedLevel>1</nestedLevel>
  <escapedJava>false</escapedJava>
  <property name="startLine">23</property>
  <property name="stepIndex">1</property>
</record>
<record>
  <date>2024-06-28T04:22:02.402520Z</date>
  <millis>1719548522402</millis>
  <nanos>520000</nanos>
  <sequence>58</sequence>
  <level>INFO</level>
  <class>com.kms.katalon.core.logging.XmlKeywordLogger</class>
  <method>logMessage</method>
  <thread>1</thread>
  <message>HAR: C:\Users\zulaikha_118633\git\SMEL_FRAML\Reports\20240628_122154\Industry Risk Rating\20240628_122154\requests\main\2.har</message>
  <nestedLevel>1</nestedLevel>
  <escapedJava>false</escapedJava>
  <property name="harId">4f2071b5-1b94-4a32-bc7a-a316e2df92ea</property>
</record>
<record>
  <date>2024-06-28T04:22:02.406519700Z</date>
  <millis>1719548522406</millis>
  <nanos>519700</nanos>
  <sequence>59</sequence>
  <level>PASSED</level>
  <class>com.kms.katalon.core.logging.XmlKeywordLogger</class>
  <method>logMessage</method>
  <thread>1</thread>
  <message>Send request successfully</message>
  <nestedLevel>1</nestedLevel>
  <escapedJava>false</escapedJava>
  <property name="testops-method-name">com.kms.katalon.core.webservice.keyword.builtin.SendRequestKeyword.sendRequest</property>
  <property name="testops-execution-stacktrace"></property>
</record>
<record>
  <date>2024-06-28T04:22:02.407519300Z</date>
  <millis>1719548522407</millis>
  <nanos>519300</nanos>
  <sequence>60</sequence>
  <level>END</level>
  <class>com.kms.katalon.core.logging.XmlKeywordLogger</class>
  <method>endKeyword</method>
  <thread>1</thread>
  <message>End action : response = sendRequest(findTestObject(&amp;quot;Industry Risk Rating/Industry Prohibited Check&amp;quot;))</message>
  <nestedLevel>1</nestedLevel>
  <escapedJava>false</escapedJava>
</record>
<record>
  <date>2024-06-28T04:22:02.408515800Z</date>
  <millis>1719548522408</millis>
  <nanos>515800</nanos>
  <sequence>61</sequence>
  <level>START</level>
  <class>com.kms.katalon.core.logging.XmlKeywordLogger</class>
  <method>startKeyword</method>
  <thread>1</thread>
  <message>Start action : json = &amp;quot;
{
&amp;quot;event_id&amp;quot;:&amp;quot;4ae3d994-aac9-48cb-8449-e4c4e64ea5b8&amp;quot;,
  &amp;quot;evaluation_status&amp;quot;:&amp;quot;Accepted&amp;quot;
}
&amp;quot;</message>
  <nestedLevel>1</nestedLevel>
  <escapedJava>false</escapedJava>
  <property name="startLine">25</property>
  <property name="stepIndex">2</property>
</record>
<record>
  <date>2024-06-28T04:22:02.410517100Z</date>
  <millis>1719548522410</millis>
  <nanos>517100</nanos>
  <sequence>62</sequence>
  <level>END</level>
  <class>com.kms.katalon.core.logging.XmlKeywordLogger</class>
  <method>endKeyword</method>
  <thread>1</thread>
  <message>End action : json = &amp;quot;
{
&amp;quot;event_id&amp;quot;:&amp;quot;4ae3d994-aac9-48cb-8449-e4c4e64ea5b8&amp;quot;,
  &amp;quot;evaluation_status&amp;quot;:&amp;quot;Accepted&amp;quot;
}
&amp;quot;</message>
  <nestedLevel>1</nestedLevel>
  <escapedJava>false</escapedJava>
</record>
<record>
  <date>2024-06-28T04:22:02.410517100Z</date>
  <millis>1719548522410</millis>
  <nanos>517100</nanos>
  <sequence>63</sequence>
  <level>START</level>
  <class>com.kms.katalon.core.logging.XmlKeywordLogger</class>
  <method>startKeyword</method>
  <thread>1</thread>
  <message>Start action : slurper = new groovy.json.JsonSlurper()</message>
  <nestedLevel>1</nestedLevel>
  <escapedJava>false</escapedJava>
  <property name="startLine">31</property>
  <property name="stepIndex">3</property>
</record>
<record>
  <date>2024-06-28T04:22:02.412516600Z</date>
  <millis>1719548522412</millis>
  <nanos>516600</nanos>
  <sequence>64</sequence>
  <level>END</level>
  <class>com.kms.katalon.core.logging.XmlKeywordLogger</class>
  <method>endKeyword</method>
  <thread>1</thread>
  <message>End action : slurper = new groovy.json.JsonSlurper()</message>
  <nestedLevel>1</nestedLevel>
  <escapedJava>false</escapedJava>
</record>
<record>
  <date>2024-06-28T04:22:02.413516600Z</date>
  <millis>1719548522413</millis>
  <nanos>516600</nanos>
  <sequence>65</sequence>
  <level>START</level>
  <class>com.kms.katalon.core.logging.XmlKeywordLogger</class>
  <method>startKeyword</method>
  <thread>1</thread>
  <message>Start action : obj = slurper.parseText(json)</message>
  <nestedLevel>1</nestedLevel>
  <escapedJava>false</escapedJava>
  <property name="startLine">32</property>
  <property name="stepIndex">4</property>
</record>
<record>
  <date>2024-06-28T04:22:02.415516800Z</date>
  <millis>1719548522415</millis>
  <nanos>516800</nanos>
  <sequence>66</sequence>
  <level>END</level>
  <class>com.kms.katalon.core.logging.XmlKeywordLogger</class>
  <method>endKeyword</method>
  <thread>1</thread>
  <message>End action : obj = slurper.parseText(json)</message>
  <nestedLevel>1</nestedLevel>
  <escapedJava>false</escapedJava>
</record>
<record>
  <date>2024-06-28T04:22:02.415516800Z</date>
  <millis>1719548522415</millis>
  <nanos>516800</nanos>
  <sequence>67</sequence>
  <level>START</level>
  <class>com.kms.katalon.core.logging.XmlKeywordLogger</class>
  <method>startKeyword</method>
  <thread>1</thread>
  <message>Start action : assert obj[&amp;quot;evaluation_status&amp;quot;] instanceof java.lang.String</message>
  <nestedLevel>1</nestedLevel>
  <escapedJava>false</escapedJava>
  <property name="startLine">36</property>
  <property name="stepIndex">5</property>
</record>
<record>
  <date>2024-06-28T04:22:02.421515500Z</date>
  <millis>1719548522421</millis>
  <nanos>515500</nanos>
  <sequence>68</sequence>
  <level>END</level>
  <class>com.kms.katalon.core.logging.XmlKeywordLogger</class>
  <method>endKeyword</method>
  <thread>1</thread>
  <message>End action : assert obj[&amp;quot;evaluation_status&amp;quot;] instanceof java.lang.String</message>
  <nestedLevel>1</nestedLevel>
  <escapedJava>false</escapedJava>
</record>
<record>
  <date>2024-06-28T04:22:02.421515500Z</date>
  <millis>1719548522421</millis>
  <nanos>515500</nanos>
  <sequence>69</sequence>
  <level>START</level>
  <class>com.kms.katalon.core.logging.XmlKeywordLogger</class>
  <method>startKeyword</method>
  <thread>1</thread>
  <message>Start action : assert obj[&amp;quot;event_id&amp;quot;] instanceof java.lang.String</message>
  <nestedLevel>1</nestedLevel>
  <escapedJava>false</escapedJava>
  <property name="startLine">38</property>
  <property name="stepIndex">6</property>
</record>
<record>
  <date>2024-06-28T04:22:02.422515100Z</date>
  <millis>1719548522422</millis>
  <nanos>515100</nanos>
  <sequence>70</sequence>
  <level>END</level>
  <class>com.kms.katalon.core.logging.XmlKeywordLogger</class>
  <method>endKeyword</method>
  <thread>1</thread>
  <message>End action : assert obj[&amp;quot;event_id&amp;quot;] instanceof java.lang.String</message>
  <nestedLevel>1</nestedLevel>
  <escapedJava>false</escapedJava>
</record>
<record>
  <date>2024-06-28T04:22:02.422515100Z</date>
  <millis>1719548522422</millis>
  <nanos>515100</nanos>
  <sequence>71</sequence>
  <level>PASSED</level>
  <class>com.kms.katalon.core.logging.XmlKeywordLogger</class>
  <method>logMessage</method>
  <thread>1</thread>
  <message>Test Cases/Validate Data Type</message>
  <nestedLevel>1</nestedLevel>
  <escapedJava>false</escapedJava>
</record>
<record>
  <date>2024-06-28T04:22:02.424516800Z</date>
  <millis>1719548522424</millis>
  <nanos>516800</nanos>
  <sequence>72</sequence>
  <level>END</level>
  <class>com.kms.katalon.core.logging.XmlKeywordLogger</class>
  <method>endTest</method>
  <thread>1</thread>
  <message>End Test Case : Test Cases/Validate Data Type</message>
  <nestedLevel>0</nestedLevel>
  <escapedJava>false</escapedJava>
  <property name="executionBindingVariables">[]</property>
  <property name="applitools">false</property>
  <property name="remainingRetryCount">3</property>
  <property name="currentRetryCount">0</property>
  <property name="keywordsUsage">{
  &quot;web_ui&quot;: false,
  &quot;web_service&quot;: true,
  &quot;cucumber&quot;: false,
  &quot;builtin&quot;: false,
  &quot;mobile&quot;: false,
  &quot;windows&quot;: false,
  &quot;testng&quot;: false
}</property>
</record>
<record>
  <date>2024-06-28T04:22:02.424516800Z</date>
  <millis>1719548522424</millis>
  <nanos>516800</nanos>
  <sequence>73</sequence>
  <level>START</level>
  <class>com.kms.katalon.core.logging.XmlKeywordLogger</class>
  <method>startKeyword</method>
  <thread>1</thread>
  <message>Start listener action : exportKatalonReports</message>
  <nestedLevel>0</nestedLevel>
  <escapedJava>false</escapedJava>
</record>
<record>
  <date>2024-06-28T04:22:02.663153200Z</date>
  <millis>1719548522663</millis>
  <nanos>153200</nanos>
  <sequence>193</sequence>
  <level>INFO</level>
  <class>com.kms.katalon.core.logging.XmlKeywordLogger</class>
  <method>logMessage</method>
  <thread>1</thread>
  <message>Start generating HTML report folder at: C:\Users\zulaikha_118633\git\SMEL_FRAML\Reports\20240628_122154\Industry Risk Rating\20240628_122154...</message>
  <nestedLevel>0</nestedLevel>
  <escapedJava>false</escapedJava>
</record>
<record>
  <date>2024-06-28T04:22:02.918889400Z</date>
  <millis>1719548522918</millis>
  <nanos>889400</nanos>
  <sequence>194</sequence>
  <level>INFO</level>
  <class>com.kms.katalon.core.logging.XmlKeywordLogger</class>
  <method>logMessage</method>
  <thread>1</thread>
  <message>HTML report generated</message>
  <nestedLevel>0</nestedLevel>
  <escapedJava>false</escapedJava>
</record>
<record>
  <date>2024-06-28T04:22:02.919889900Z</date>
  <millis>1719548522919</millis>
  <nanos>889900</nanos>
  <sequence>195</sequence>
  <level>INFO</level>
  <class>com.kms.katalon.core.logging.XmlKeywordLogger</class>
  <method>logMessage</method>
  <thread>1</thread>
  <message>Start generating CSV report folder at: C:\Users\zulaikha_118633\git\SMEL_FRAML\Reports\20240628_122154\Industry Risk Rating\20240628_122154...</message>
  <nestedLevel>0</nestedLevel>
  <escapedJava>false</escapedJava>
</record>
<record>
  <date>2024-06-28T04:22:02.958888400Z</date>
  <millis>1719548522958</millis>
  <nanos>888400</nanos>
  <sequence>196</sequence>
  <level>INFO</level>
  <class>com.kms.katalon.core.logging.XmlKeywordLogger</class>
  <method>logMessage</method>
  <thread>1</thread>
  <message>CSV report generated</message>
  <nestedLevel>0</nestedLevel>
  <escapedJava>false</escapedJava>
</record>
<record>
  <date>2024-06-28T04:22:02.977687900Z</date>
  <millis>1719548522977</millis>
  <nanos>687900</nanos>
  <sequence>198</sequence>
  <level>END</level>
  <class>com.kms.katalon.core.logging.XmlKeywordLogger</class>
  <method>endKeyword</method>
  <thread>1</thread>
  <message>End listener action : exportKatalonReports</message>
  <nestedLevel>0</nestedLevel>
  <escapedJava>false</escapedJava>
</record>
<record>
  <date>2024-06-28T04:22:03.035131700Z</date>
  <millis>1719548523035</millis>
  <nanos>131700</nanos>
  <sequence>199</sequence>
  <level>END</level>
  <class>com.kms.katalon.core.logging.XmlKeywordLogger</class>
  <method>endSuite</method>
  <thread>1</thread>
  <message>End Test Suite : Test Suites/Industry Risk Rating</message>
  <nestedLevel>0</nestedLevel>
  <escapedJava>false</escapedJava>
</record>
</log>
